2025-07-15 04:56:14 +00:00: 
2025-07-15 04:56:14 +00:00: > my-v0-project@0.1.0 start
2025-07-15 04:56:14 +00:00: > next start
2025-07-15 04:56:14 +00:00: 
2025-07-15 04:56:15 +00:00:    ▲ Next.js 15.4.1
2025-07-15 04:56:15 +00:00:    - Local:        http://localhost:3000
2025-07-15 04:56:15 +00:00:    - Network:      http://152.42.219.13:3000
2025-07-15 04:56:15 +00:00: 
2025-07-15 04:56:15 +00:00:  ✓ Starting...
2025-07-15 04:56:15 +00:00:  ⚠ "next start" does not work with "output: standalone" configuration. Use "node .next/standalone/server.js" instead.
2025-07-15 04:56:15 +00:00:  ✓ Ready in 820ms
2025-07-15 05:02:16 +00:00: 
2025-07-15 05:02:16 +00:00: > my-v0-project@0.1.0 start
2025-07-15 05:02:16 +00:00: > next start
2025-07-15 05:02:16 +00:00: 
2025-07-15 05:02:17 +00:00:    ▲ Next.js 15.4.1
2025-07-15 05:02:17 +00:00:    - Local:        http://localhost:3000
2025-07-15 05:02:17 +00:00:    - Network:      http://152.42.219.13:3000
2025-07-15 05:02:17 +00:00: 
2025-07-15 05:02:17 +00:00:  ✓ Starting...
2025-07-15 05:02:17 +00:00:  ⚠ "next start" does not work with "output: standalone" configuration. Use "node .next/standalone/server.js" instead.
2025-07-15 05:02:17 +00:00:  ✓ Ready in 841ms
2025-07-15 06:07:54 +00:00: 
2025-07-15 06:07:54 +00:00: > my-v0-project@0.1.0 start
2025-07-15 06:07:54 +00:00: > next start
2025-07-15 06:07:54 +00:00: 
2025-07-15 06:07:54 +00:00:    ▲ Next.js 15.4.1
2025-07-15 06:07:54 +00:00:    - Local:        http://localhost:3000
2025-07-15 06:07:54 +00:00:    - Network:      http://152.42.219.13:3000
2025-07-15 06:07:54 +00:00: 
2025-07-15 06:07:54 +00:00:  ✓ Starting...
2025-07-15 06:07:55 +00:00:  ⚠ "next start" does not work with "output: standalone" configuration. Use "node .next/standalone/server.js" instead.
2025-07-15 06:07:55 +00:00:  ✓ Ready in 743ms
2025-07-15 06:10:26 +00:00: 
2025-07-15 06:10:26 +00:00: > my-v0-project@0.1.0 start
2025-07-15 06:10:26 +00:00: > next start
2025-07-15 06:10:26 +00:00: 
2025-07-15 06:10:27 +00:00:    ▲ Next.js 15.4.1
2025-07-15 06:10:27 +00:00:    - Local:        http://localhost:3000
2025-07-15 06:10:27 +00:00:    - Network:      http://152.42.219.13:3000
2025-07-15 06:10:27 +00:00: 
2025-07-15 06:10:27 +00:00:  ✓ Starting...
2025-07-15 06:10:28 +00:00:  ⚠ "next start" does not work with "output: standalone" configuration. Use "node .next/standalone/server.js" instead.
2025-07-15 06:10:28 +00:00:  ✓ Ready in 1124ms
2025-07-15 06:19:46 +00:00: 
2025-07-15 06:19:46 +00:00: > my-v0-project@0.1.0 start
2025-07-15 06:19:46 +00:00: > next start
2025-07-15 06:19:46 +00:00: 
2025-07-15 06:19:46 +00:00:    ▲ Next.js 15.4.1
2025-07-15 06:19:46 +00:00:    - Local:        http://localhost:3000
2025-07-15 06:19:46 +00:00:    - Network:      http://152.42.219.13:3000
2025-07-15 06:19:46 +00:00: 
2025-07-15 06:19:46 +00:00:  ✓ Starting...
2025-07-15 06:19:47 +00:00:  ⚠ "next start" does not work with "output: standalone" configuration. Use "node .next/standalone/server.js" instead.
2025-07-15 06:19:47 +00:00:  ✓ Ready in 875ms
2025-07-15 06:27:25 +00:00: 
2025-07-15 06:27:25 +00:00: > my-v0-project@0.1.0 start
2025-07-15 06:27:25 +00:00: > next start
2025-07-15 06:27:25 +00:00: 
2025-07-15 06:27:26 +00:00:    ▲ Next.js 15.4.1
2025-07-15 06:27:26 +00:00:    - Local:        http://localhost:8443
2025-07-15 06:27:26 +00:00:    - Network:      http://152.42.219.13:8443
2025-07-15 06:27:26 +00:00: 
2025-07-15 06:27:26 +00:00:  ✓ Starting...
2025-07-15 06:27:26 +00:00:  ⚠ "next start" does not work with "output: standalone" configuration. Use "node .next/standalone/server.js" instead.
2025-07-15 06:27:26 +00:00:  ✓ Ready in 793ms
2025-07-15 06:49:30 +00:00: 
2025-07-15 06:49:30 +00:00: > my-v0-project@0.1.0 start
2025-07-15 06:49:30 +00:00: > next start
2025-07-15 06:49:30 +00:00: 
2025-07-15 06:49:31 +00:00:    ▲ Next.js 15.4.1
2025-07-15 06:49:31 +00:00:    - Local:        http://localhost:8443
2025-07-15 06:49:31 +00:00:    - Network:      http://152.42.219.13:8443
2025-07-15 06:49:31 +00:00: 
2025-07-15 06:49:31 +00:00:  ✓ Starting...
2025-07-15 06:49:31 +00:00:  ⚠ "next start" does not work with "output: standalone" configuration. Use "node .next/standalone/server.js" instead.
2025-07-15 06:49:31 +00:00:  ✓ Ready in 676ms
2025-07-15 13:24:10 +00:00: 
2025-07-15 13:24:10 +00:00: > my-v0-project@0.1.0 start
2025-07-15 13:24:10 +00:00: > next start
2025-07-15 13:24:10 +00:00: 
2025-07-15 13:24:11 +00:00:    ▲ Next.js 15.4.1
2025-07-15 13:24:11 +00:00:    - Local:        http://localhost:8443
2025-07-15 13:24:11 +00:00:    - Network:      http://152.42.219.13:8443
2025-07-15 13:24:11 +00:00: 
2025-07-15 13:24:11 +00:00:  ✓ Starting...
2025-07-15 13:24:11 +00:00:  ⚠ "next start" does not work with "output: standalone" configuration. Use "node .next/standalone/server.js" instead.
2025-07-15 13:24:11 +00:00:  ✓ Ready in 808ms
2025-07-15 13:34:14 +00:00: 
2025-07-15 13:34:14 +00:00: > my-v0-project@0.1.0 start
2025-07-15 13:34:14 +00:00: > next start
2025-07-15 13:34:14 +00:00: 
2025-07-15 13:34:15 +00:00:    ▲ Next.js 15.4.1
2025-07-15 13:34:15 +00:00:    - Local:        http://localhost:3000
2025-07-15 13:34:15 +00:00:    - Network:      http://152.42.219.13:3000
2025-07-15 13:34:15 +00:00: 
2025-07-15 13:34:15 +00:00:  ✓ Starting...
2025-07-15 13:34:15 +00:00:  ⚠ "next start" does not work with "output: standalone" configuration. Use "node .next/standalone/server.js" instead.
2025-07-15 13:34:15 +00:00:  ✓ Ready in 647ms
2025-07-15 13:44:47 +00:00: 
2025-07-15 13:44:47 +00:00: > my-v0-project@0.1.0 start
2025-07-15 13:44:47 +00:00: > next start
2025-07-15 13:44:47 +00:00: 
2025-07-15 13:44:48 +00:00:    ▲ Next.js 15.4.1
2025-07-15 13:44:48 +00:00:    - Local:        http://localhost:3000
2025-07-15 13:44:48 +00:00:    - Network:      http://152.42.219.13:3000
2025-07-15 13:44:48 +00:00: 
2025-07-15 13:44:48 +00:00:  ✓ Starting...
2025-07-15 13:44:48 +00:00:  ⚠ "next start" does not work with "output: standalone" configuration. Use "node .next/standalone/server.js" instead.
2025-07-15 13:44:48 +00:00:  ✓ Ready in 732ms
2025-07-15 13:47:29 +00:00: 
2025-07-15 13:47:29 +00:00: > my-v0-project@0.1.0 start
2025-07-15 13:47:29 +00:00: > next start
2025-07-15 13:47:29 +00:00: 
2025-07-15 13:47:30 +00:00:    ▲ Next.js 15.4.1
2025-07-15 13:47:30 +00:00:    - Local:        http://localhost:3000
2025-07-15 13:47:30 +00:00:    - Network:      http://152.42.219.13:3000
2025-07-15 13:47:30 +00:00: 
2025-07-15 13:47:30 +00:00:  ✓ Starting...
2025-07-15 13:47:30 +00:00:  ⚠ "next start" does not work with "output: standalone" configuration. Use "node .next/standalone/server.js" instead.
2025-07-15 13:47:31 +00:00:  ✓ Ready in 871ms
2025-07-15 14:25:07 +00:00: 
2025-07-15 14:25:07 +00:00: > my-v0-project@0.1.0 start
2025-07-15 14:25:07 +00:00: > next start
2025-07-15 14:25:07 +00:00: 
2025-07-15 14:25:08 +00:00:    ▲ Next.js 15.4.1
2025-07-15 14:25:08 +00:00:    - Local:        http://localhost:8443
2025-07-15 14:25:08 +00:00:    - Network:      http://152.42.219.13:8443
2025-07-15 14:25:08 +00:00: 
2025-07-15 14:25:08 +00:00:  ✓ Starting...
2025-07-15 14:25:08 +00:00:  ⚠ "next start" does not work with "output: standalone" configuration. Use "node .next/standalone/server.js" instead.
2025-07-15 14:25:08 +00:00:  ✓ Ready in 845ms
2025-07-15 14:32:16 +00:00: 
2025-07-15 14:32:16 +00:00: > my-v0-project@0.1.0 start
2025-07-15 14:32:16 +00:00: > next start
2025-07-15 14:32:16 +00:00: 
2025-07-15 14:32:17 +00:00:    ▲ Next.js 15.4.1
2025-07-15 14:32:17 +00:00:    - Local:        http://localhost:8443
2025-07-15 14:32:17 +00:00:    - Network:      http://152.42.219.13:8443
2025-07-15 14:32:17 +00:00: 
2025-07-15 14:32:17 +00:00:  ✓ Starting...
2025-07-15 14:32:17 +00:00:  ⚠ "next start" does not work with "output: standalone" configuration. Use "node .next/standalone/server.js" instead.
2025-07-15 14:32:17 +00:00:  ✓ Ready in 868ms
2025-07-15 14:36:40 +00:00: 
2025-07-15 14:36:40 +00:00: > my-v0-project@0.1.0 start
2025-07-15 14:36:40 +00:00: > next start
2025-07-15 14:36:40 +00:00: 
2025-07-15 14:36:40 +00:00:    ▲ Next.js 15.4.1
2025-07-15 14:36:40 +00:00:    - Local:        http://localhost:8443
2025-07-15 14:36:40 +00:00:    - Network:      http://152.42.219.13:8443
2025-07-15 14:36:40 +00:00: 
2025-07-15 14:36:40 +00:00:  ✓ Starting...
2025-07-15 14:36:41 +00:00:  ⚠ "next start" does not work with "output: standalone" configuration. Use "node .next/standalone/server.js" instead.
2025-07-15 14:36:41 +00:00:  ✓ Ready in 645ms
2025-07-15 17:30:17 +00:00: 
2025-07-15 17:30:17 +00:00: > my-v0-project@0.1.0 start
2025-07-15 17:30:17 +00:00: > next start
2025-07-15 17:30:17 +00:00: 
2025-07-15 17:30:18 +00:00:    ▲ Next.js 15.4.1
2025-07-15 17:30:18 +00:00:    - Local:        http://localhost:8443
2025-07-15 17:30:18 +00:00:    - Network:      http://152.42.219.13:8443
2025-07-15 17:30:18 +00:00: 
2025-07-15 17:30:18 +00:00:  ✓ Starting...
2025-07-15 17:30:18 +00:00:  ⚠ "next start" does not work with "output: standalone" configuration. Use "node .next/standalone/server.js" instead.
2025-07-15 17:30:18 +00:00:  ✓ Ready in 798ms
